2006.04.03 12:31 B D:\hatyai2car\admins\htmlarea\images\ed_about.gif <-- hatyai2car /usr/local/www/apache22/data/admins/htmlarea/images ed_about.gif
2006.04.03 12:31 B D:\hatyai2car\admins\htmlarea\images\ed_align_center.gif <-- hatyai2car /usr/local/www/apache22/data/admins/htmlarea/images ed_align_center.gif
2006.04.03 12:31 B D:\hatyai2car\admins\htmlarea\images\ed_align_left.gif <-- hatyai2car /usr/local/www/apache22/data/admins/htmlarea/images ed_align_left.gif
2006.04.03 12:31 B D:\hatyai2car\admins\htmlarea\images\ed_align_right.gif <-- hatyai2car /usr/local/www/apache22/data/admins/htmlarea/images ed_align_right.gif
2006.04.03 12:31 B D:\hatyai2car\admins\htmlarea\images\ed_blank.gif <-- hatyai2car /usr/local/www/apache22/data/admins/htmlarea/images ed_blank.gif
2006.04.03 12:31 B D:\hatyai2car\admins\htmlarea\images\ed_charmap.gif <-- hatyai2car /usr/local/www/apache22/data/admins/htmlarea/images ed_charmap.gif
2006.04.03 12:31 B D:\hatyai2car\admins\htmlarea\images\ed_color_bg.gif <-- hatyai2car /usr/local/www/apache22/data/admins/htmlarea/images ed_color_bg.gif
2006.04.03 12:31 B D:\hatyai2car\admins\htmlarea\images\ed_color_fg.gif <-- hatyai2car /usr/local/www/apache22/data/admins/htmlarea/images ed_color_fg.gif
2006.04.03 12:31 B D:\hatyai2car\admins\htmlarea\images\ed_copy.gif <-- hatyai2car /usr/local/www/apache22/data/admins/htmlarea/images ed_copy.gif
2006.04.03 12:31 B D:\hatyai2car\admins\htmlarea\images\ed_custom.gif <-- hatyai2car /usr/local/www/apache22/data/admins/htmlarea/images ed_custom.gif
2006.04.03 12:31 B D:\hatyai2car\admins\htmlarea\images\ed_cut.gif <-- hatyai2car /usr/local/www/apache22/data/admins/htmlarea/images ed_cut.gif
2006.04.03 12:31 B D:\hatyai2car\admins\htmlarea\images\ed_delete.gif <-- hatyai2car /usr/local/www/apache22/data/admins/htmlarea/images ed_delete.gif
2006.04.03 12:31 B D:\hatyai2car\admins\htmlarea\images\ed_format_bold.gif <-- hatyai2car /usr/local/www/apache22/data/admins/htmlarea/images ed_format_bold.gif
2006.04.03 12:31 B D:\hatyai2car\admins\htmlarea\images\ed_format_italic.gif <-- hatyai2car /usr/local/www/apache22/data/admins/htmlarea/images ed_format_italic.gif
2006.04.03 12:31 B D:\hatyai2car\admins\htmlarea\images\ed_format_strike.gif <-- hatyai2car /usr/local/www/apache22/data/admins/htmlarea/images ed_format_strike.gif
2006.04.03 12:31 B D:\hatyai2car\admins\htmlarea\images\ed_format_sub.gif <-- hatyai2car /usr/local/www/apache22/data/admins/htmlarea/images ed_format_sub.gif
2006.04.03 12:31 B D:\hatyai2car\admins\htmlarea\images\ed_format_sup.gif <-- hatyai2car /usr/local/www/apache22/data/admins/htmlarea/images ed_format_sup.gif
2006.04.03 12:31 B D:\hatyai2car\admins\htmlarea\images\ed_format_underline.gif <-- hatyai2car /usr/local/www/apache22/data/admins/htmlarea/images ed_format_underline.gif
2006.04.03 12:31 B D:\hatyai2car\admins\htmlarea\images\ed_help.gif <-- hatyai2car /usr/local/www/apache22/data/admins/htmlarea/images ed_help.gif
2006.04.03 12:31 B D:\hatyai2car\admins\htmlarea\images\ed_hr.gif <-- hatyai2car /usr/local/www/apache22/data/admins/htmlarea/images ed_hr.gif
2006.04.03 12:31 B D:\hatyai2car\admins\htmlarea\images\ed_html.gif <-- hatyai2car /usr/local/www/apache22/data/admins/htmlarea/images ed_html.gif
2006.04.03 12:31 B D:\hatyai2car\admins\htmlarea\images\ed_image.gif <-- hatyai2car /usr/local/www/apache22/data/admins/htmlarea/images ed_image.gif
2006.04.03 12:31 B D:\hatyai2car\admins\htmlarea\images\ed_indent_less.gif <-- hatyai2car /usr/local/www/apache22/data/admins/htmlarea/images ed_indent_less.gif
2006.04.03 12:31 B D:\hatyai2car\admins\htmlarea\images\ed_indent_more.gif <-- hatyai2car /usr/local/www/apache22/data/admins/htmlarea/images ed_indent_more.gif
2006.04.03 12:31 B D:\hatyai2car\admins\htmlarea\images\ed_link.gif <-- hatyai2car /usr/local/www/apache22/data/admins/htmlarea/images ed_link.gif
2006.04.03 12:31 B D:\hatyai2car\admins\htmlarea\images\ed_list_bullet.gif <-- hatyai2car /usr/local/www/apache22/data/admins/htmlarea/images ed_list_bullet.gif
2006.04.03 12:31 B D:\hatyai2car\admins\htmlarea\images\ed_list_num.gif <-- hatyai2car /usr/local/www/apache22/data/admins/htmlarea/images ed_list_num.gif
2006.04.03 12:31 B D:\hatyai2car\admins\htmlarea\images\ed_redo.gif <-- hatyai2car /usr/local/www/apache22/data/admins/htmlarea/images ed_redo.gif
2006.04.03 12:31 B D:\hatyai2car\admins\htmlarea\images\ed_undo.gif <-- hatyai2car /usr/local/www/apache22/data/admins/htmlarea/images ed_undo.gif
2006.04.03 12:31 B D:\hatyai2car\admins\htmlarea\images\fullscreen_maximize.gif <-- hatyai2car /usr/local/www/apache22/data/admins/htmlarea/images fullscreen_maximize.gif
2006.04.03 12:31 B D:\hatyai2car\admins\htmlarea\images\fullscreen_minimize.gif <-- hatyai2car /usr/local/www/apache22/data/admins/htmlarea/images fullscreen_minimize.gif
2006.04.03 12:31 B D:\hatyai2car\admins\htmlarea\images\insert_table.gif <-- hatyai2car /usr/local/www/apache22/data/admins/htmlarea/images insert_table.gif
2006.04.03 12:31 B D:\hatyai2car\admins\htmlarea\images\Thumbs.db <-- hatyai2car /usr/local/www/apache22/data/admins/htmlarea/images Thumbs.db
2006.04.06 03:59 B D:\hatyai2car\admins\htmlarea\images\ed_about.gif --> www.hatyai2car.com /usr/local/www/data-dist/admins/htmlarea/images ed_about.gif
2006.04.06 03:59 B D:\hatyai2car\admins\htmlarea\images\ed_align_center.gif --> www.hatyai2car.com /usr/local/www/data-dist/admins/htmlarea/images ed_align_center.gif
2006.04.06 03:59 B D:\hatyai2car\admins\htmlarea\images\ed_align_left.gif --> www.hatyai2car.com /usr/local/www/data-dist/admins/htmlarea/images ed_align_left.gif
2006.04.06 03:59 B D:\hatyai2car\admins\htmlarea\images\ed_align_right.gif --> www.hatyai2car.com /usr/local/www/data-dist/admins/htmlarea/images ed_align_right.gif
2006.04.06 03:59 B D:\hatyai2car\admins\htmlarea\images\ed_blank.gif --> www.hatyai2car.com /usr/local/www/data-dist/admins/htmlarea/images ed_blank.gif
2006.04.06 03:59 B D:\hatyai2car\admins\htmlarea\images\ed_charmap.gif --> www.hatyai2car.com /usr/local/www/data-dist/admins/htmlarea/images ed_charmap.gif
2006.04.06 03:59 B D:\hatyai2car\admins\htmlarea\images\ed_color_bg.gif --> www.hatyai2car.com /usr/local/www/data-dist/admins/htmlarea/images ed_color_bg.gif
2006.04.06 03:59 B D:\hatyai2car\admins\htmlarea\images\ed_color_fg.gif --> www.hatyai2car.com /usr/local/www/data-dist/admins/htmlarea/images ed_color_fg.gif
2006.04.06 03:59 B D:\hatyai2car\admins\htmlarea\images\ed_copy.gif --> www.hatyai2car.com /usr/local/www/data-dist/admins/htmlarea/images ed_copy.gif
2006.04.06 03:59 B D:\hatyai2car\admins\htmlarea\images\ed_custom.gif --> www.hatyai2car.com /usr/local/www/data-dist/admins/htmlarea/images ed_custom.gif
2006.04.06 03:59 B D:\hatyai2car\admins\htmlarea\images\ed_cut.gif --> www.hatyai2car.com /usr/local/www/data-dist/admins/htmlarea/images ed_cut.gif
2006.04.06 03:59 B D:\hatyai2car\admins\htmlarea\images\ed_delete.gif --> www.hatyai2car.com /usr/local/www/data-dist/admins/htmlarea/images ed_delete.gif
2006.04.06 03:59 B D:\hatyai2car\admins\htmlarea\images\ed_format_bold.gif --> www.hatyai2car.com /usr/local/www/data-dist/admins/htmlarea/images ed_format_bold.gif
2006.04.06 03:59 B D:\hatyai2car\admins\htmlarea\images\ed_format_italic.gif --> www.hatyai2car.com /usr/local/www/data-dist/admins/htmlarea/images ed_format_italic.gif
2006.04.06 03:59 B D:\hatyai2car\admins\htmlarea\images\ed_format_strike.gif --> www.hatyai2car.com /usr/local/www/data-dist/admins/htmlarea/images ed_format_strike.gif
2006.04.06 03:59 B D:\hatyai2car\admins\htmlarea\images\ed_format_sub.gif --> www.hatyai2car.com /usr/local/www/data-dist/admins/htmlarea/images ed_format_sub.gif
2006.04.06 03:59 B D:\hatyai2car\admins\htmlarea\images\ed_format_sup.gif --> www.hatyai2car.com /usr/local/www/data-dist/admins/htmlarea/images ed_format_sup.gif
2006.04.06 03:59 B D:\hatyai2car\admins\htmlarea\images\ed_format_underline.gif --> www.hatyai2car.com /usr/local/www/data-dist/admins/htmlarea/images ed_format_underline.gif
2006.04.06 03:59 B D:\hatyai2car\admins\htmlarea\images\ed_help.gif --> www.hatyai2car.com /usr/local/www/data-dist/admins/htmlarea/images ed_help.gif
2006.04.06 03:59 B D:\hatyai2car\admins\htmlarea\images\ed_hr.gif --> www.hatyai2car.com /usr/local/www/data-dist/admins/htmlarea/images ed_hr.gif
2006.04.06 03:59 B D:\hatyai2car\admins\htmlarea\images\ed_html.gif --> www.hatyai2car.com /usr/local/www/data-dist/admins/htmlarea/images ed_html.gif
2006.04.06 03:59 B D:\hatyai2car\admins\htmlarea\images\ed_image.gif --> www.hatyai2car.com /usr/local/www/data-dist/admins/htmlarea/images ed_image.gif
2006.04.06 03:59 B D:\hatyai2car\admins\htmlarea\images\ed_indent_less.gif --> www.hatyai2car.com /usr/local/www/data-dist/admins/htmlarea/images ed_indent_less.gif
2006.04.06 03:59 B D:\hatyai2car\admins\htmlarea\images\ed_indent_more.gif --> www.hatyai2car.com /usr/local/www/data-dist/admins/htmlarea/images ed_indent_more.gif
2006.04.06 03:59 B D:\hatyai2car\admins\htmlarea\images\ed_link.gif --> www.hatyai2car.com /usr/local/www/data-dist/admins/htmlarea/images ed_link.gif
2006.04.06 03:59 B D:\hatyai2car\admins\htmlarea\images\ed_list_bullet.gif --> www.hatyai2car.com /usr/local/www/data-dist/admins/htmlarea/images ed_list_bullet.gif
2006.04.06 03:59 B D:\hatyai2car\admins\htmlarea\images\ed_list_num.gif --> www.hatyai2car.com /usr/local/www/data-dist/admins/htmlarea/images ed_list_num.gif
2006.04.06 03:59 B D:\hatyai2car\admins\htmlarea\images\ed_redo.gif --> www.hatyai2car.com /usr/local/www/data-dist/admins/htmlarea/images ed_redo.gif
2006.04.06 03:59 B D:\hatyai2car\admins\htmlarea\images\ed_undo.gif --> www.hatyai2car.com /usr/local/www/data-dist/admins/htmlarea/images ed_undo.gif
2006.04.06 03:59 B D:\hatyai2car\admins\htmlarea\images\fullscreen_maximize.gif --> www.hatyai2car.com /usr/local/www/data-dist/admins/htmlarea/images fullscreen_maximize.gif
2006.04.06 03:59 B D:\hatyai2car\admins\htmlarea\images\fullscreen_minimize.gif --> www.hatyai2car.com /usr/local/www/data-dist/admins/htmlarea/images fullscreen_minimize.gif
2006.04.06 03:59 B D:\hatyai2car\admins\htmlarea\images\insert_table.gif --> www.hatyai2car.com /usr/local/www/data-dist/admins/htmlarea/images insert_table.gif
2006.04.06 03:59 B D:\hatyai2car\admins\htmlarea\images\Thumbs.db --> www.hatyai2car.com /usr/local/www/data-dist/admins/htmlarea/images Thumbs.db
2006.04.06 03:59 B D:\hatyai2car\admins\htmlarea\images\WS_FTP.LOG --> www.hatyai2car.com /usr/local/www/data-dist/admins/htmlarea/images WS_FTP.LOG
2006.04.08 10:50 B D:\hatyai2car\admins\htmlarea\images\ed_about.gif --> www.hatyai2car.com /usr/local/www/data/admins/htmlarea/images ed_about.gif
2006.04.08 10:50 B D:\hatyai2car\admins\htmlarea\images\ed_align_center.gif --> www.hatyai2car.com /usr/local/www/data/admins/htmlarea/images ed_align_center.gif
2006.04.08 10:50 B D:\hatyai2car\admins\htmlarea\images\ed_align_left.gif --> www.hatyai2car.com /usr/local/www/data/admins/htmlarea/images ed_align_left.gif
2006.04.08 10:50 B D:\hatyai2car\admins\htmlarea\images\ed_align_right.gif --> www.hatyai2car.com /usr/local/www/data/admins/htmlarea/images ed_align_right.gif
2006.04.08 10:50 B D:\hatyai2car\admins\htmlarea\images\ed_blank.gif --> www.hatyai2car.com /usr/local/www/data/admins/htmlarea/images ed_blank.gif
2006.04.08 10:50 B D:\hatyai2car\admins\htmlarea\images\ed_charmap.gif --> www.hatyai2car.com /usr/local/www/data/admins/htmlarea/images ed_charmap.gif
2006.04.08 10:50 B D:\hatyai2car\admins\htmlarea\images\ed_color_bg.gif --> www.hatyai2car.com /usr/local/www/data/admins/htmlarea/images ed_color_bg.gif
2006.04.08 10:50 B D:\hatyai2car\admins\htmlarea\images\ed_color_fg.gif --> www.hatyai2car.com /usr/local/www/data/admins/htmlarea/images ed_color_fg.gif
2006.04.08 10:50 B D:\hatyai2car\admins\htmlarea\images\ed_copy.gif --> www.hatyai2car.com /usr/local/www/data/admins/htmlarea/images ed_copy.gif
2006.04.08 10:50 B D:\hatyai2car\admins\htmlarea\images\ed_custom.gif --> www.hatyai2car.com /usr/local/www/data/admins/htmlarea/images ed_custom.gif
2006.04.08 10:50 B D:\hatyai2car\admins\htmlarea\images\ed_cut.gif --> www.hatyai2car.com /usr/local/www/data/admins/htmlarea/images ed_cut.gif
2006.04.08 10:50 B D:\hatyai2car\admins\htmlarea\images\ed_delete.gif --> www.hatyai2car.com /usr/local/www/data/admins/htmlarea/images ed_delete.gif
2006.04.08 10:50 B D:\hatyai2car\admins\htmlarea\images\ed_format_bold.gif --> www.hatyai2car.com /usr/local/www/data/admins/htmlarea/images ed_format_bold.gif
2006.04.08 10:50 B D:\hatyai2car\admins\htmlarea\images\ed_format_italic.gif --> www.hatyai2car.com /usr/local/www/data/admins/htmlarea/images ed_format_italic.gif
2006.04.08 10:50 B D:\hatyai2car\admins\htmlarea\images\ed_format_strike.gif --> www.hatyai2car.com /usr/local/www/data/admins/htmlarea/images ed_format_strike.gif
2006.04.08 10:50 B D:\hatyai2car\admins\htmlarea\images\ed_format_sub.gif --> www.hatyai2car.com /usr/local/www/data/admins/htmlarea/images ed_format_sub.gif
2006.04.08 10:50 B D:\hatyai2car\admins\htmlarea\images\ed_format_sup.gif --> www.hatyai2car.com /usr/local/www/data/admins/htmlarea/images ed_format_sup.gif
2006.04.08 10:50 B D:\hatyai2car\admins\htmlarea\images\ed_format_underline.gif --> www.hatyai2car.com /usr/local/www/data/admins/htmlarea/images ed_format_underline.gif
2006.04.08 10:50 B D:\hatyai2car\admins\htmlarea\images\ed_help.gif --> www.hatyai2car.com /usr/local/www/data/admins/htmlarea/images ed_help.gif
2006.04.08 10:50 B D:\hatyai2car\admins\htmlarea\images\ed_hr.gif --> www.hatyai2car.com /usr/local/www/data/admins/htmlarea/images ed_hr.gif
2006.04.08 10:50 B D:\hatyai2car\admins\htmlarea\images\ed_html.gif --> www.hatyai2car.com /usr/local/www/data/admins/htmlarea/images ed_html.gif
2006.04.08 10:50 B D:\hatyai2car\admins\htmlarea\images\ed_image.gif --> www.hatyai2car.com /usr/local/www/data/admins/htmlarea/images ed_image.gif
2006.04.08 10:50 B D:\hatyai2car\admins\htmlarea\images\ed_indent_less.gif --> www.hatyai2car.com /usr/local/www/data/admins/htmlarea/images ed_indent_less.gif
2006.04.08 10:50 B D:\hatyai2car\admins\htmlarea\images\ed_indent_more.gif --> www.hatyai2car.com /usr/local/www/data/admins/htmlarea/images ed_indent_more.gif
2006.04.08 10:50 B D:\hatyai2car\admins\htmlarea\images\ed_link.gif --> www.hatyai2car.com /usr/local/www/data/admins/htmlarea/images ed_link.gif
2006.04.08 10:50 B D:\hatyai2car\admins\htmlarea\images\ed_list_bullet.gif --> www.hatyai2car.com /usr/local/www/data/admins/htmlarea/images ed_list_bullet.gif
2006.04.08 10:50 B D:\hatyai2car\admins\htmlarea\images\ed_list_num.gif --> www.hatyai2car.com /usr/local/www/data/admins/htmlarea/images ed_list_num.gif
2006.04.08 10:50 B D:\hatyai2car\admins\htmlarea\images\ed_redo.gif --> www.hatyai2car.com /usr/local/www/data/admins/htmlarea/images ed_redo.gif
2006.04.08 10:50 B D:\hatyai2car\admins\htmlarea\images\ed_undo.gif --> www.hatyai2car.com /usr/local/www/data/admins/htmlarea/images ed_undo.gif
2006.04.08 10:50 B D:\hatyai2car\admins\htmlarea\images\fullscreen_maximize.gif --> www.hatyai2car.com /usr/local/www/data/admins/htmlarea/images fullscreen_maximize.gif
2006.04.08 10:50 B D:\hatyai2car\admins\htmlarea\images\fullscreen_minimize.gif --> www.hatyai2car.com /usr/local/www/data/admins/htmlarea/images fullscreen_minimize.gif
2006.04.08 10:50 B D:\hatyai2car\admins\htmlarea\images\insert_table.gif --> www.hatyai2car.com /usr/local/www/data/admins/htmlarea/images insert_table.gif
2006.04.08 10:50 B D:\hatyai2car\admins\htmlarea\images\Thumbs.db --> www.hatyai2car.com /usr/local/www/data/admins/htmlarea/images Thumbs.db
2006.04.08 10:50 B D:\hatyai2car\admins\htmlarea\images\WS_FTP.LOG --> www.hatyai2car.com /usr/local/www/data/admins/htmlarea/images WS_FTP.LOG
2006.04.08 10:57 B D:\hatyai2car\admins\htmlarea\images\ed_about.gif --> www.hatyai2car.com /usr/local/www/data/admins/htmlarea/images ed_about.gif
2006.04.08 10:57 B D:\hatyai2car\admins\htmlarea\images\ed_align_center.gif --> www.hatyai2car.com /usr/local/www/data/admins/htmlarea/images ed_align_center.gif
2006.04.08 10:57 B D:\hatyai2car\admins\htmlarea\images\ed_align_left.gif --> www.hatyai2car.com /usr/local/www/data/admins/htmlarea/images ed_align_left.gif
2006.04.08 10:57 B D:\hatyai2car\admins\htmlarea\images\ed_align_right.gif --> www.hatyai2car.com /usr/local/www/data/admins/htmlarea/images ed_align_right.gif
2006.04.08 10:57 B D:\hatyai2car\admins\htmlarea\images\ed_blank.gif --> www.hatyai2car.com /usr/local/www/data/admins/htmlarea/images ed_blank.gif
2006.04.08 10:57 B D:\hatyai2car\admins\htmlarea\images\ed_charmap.gif --> www.hatyai2car.com /usr/local/www/data/admins/htmlarea/images ed_charmap.gif
2006.04.08 10:57 B D:\hatyai2car\admins\htmlarea\images\ed_color_bg.gif --> www.hatyai2car.com /usr/local/www/data/admins/htmlarea/images ed_color_bg.gif
2006.04.08 10:57 B D:\hatyai2car\admins\htmlarea\images\ed_color_fg.gif --> www.hatyai2car.com /usr/local/www/data/admins/htmlarea/images ed_color_fg.gif
2006.04.08 10:57 B D:\hatyai2car\admins\htmlarea\images\ed_copy.gif --> www.hatyai2car.com /usr/local/www/data/admins/htmlarea/images ed_copy.gif
2006.04.08 10:57 B D:\hatyai2car\admins\htmlarea\images\ed_custom.gif --> www.hatyai2car.com /usr/local/www/data/admins/htmlarea/images ed_custom.gif
2006.04.08 10:57 B D:\hatyai2car\admins\htmlarea\images\ed_cut.gif --> www.hatyai2car.com /usr/local/www/data/admins/htmlarea/images ed_cut.gif
2006.04.08 10:57 B D:\hatyai2car\admins\htmlarea\images\ed_delete.gif --> www.hatyai2car.com /usr/local/www/data/admins/htmlarea/images ed_delete.gif
2006.04.08 10:57 B D:\hatyai2car\admins\htmlarea\images\ed_format_bold.gif --> www.hatyai2car.com /usr/local/www/data/admins/htmlarea/images ed_format_bold.gif
2006.04.08 10:57 B D:\hatyai2car\admins\htmlarea\images\ed_format_italic.gif --> www.hatyai2car.com /usr/local/www/data/admins/htmlarea/images ed_format_italic.gif
2006.04.08 10:57 B D:\hatyai2car\admins\htmlarea\images\ed_format_strike.gif --> www.hatyai2car.com /usr/local/www/data/admins/htmlarea/images ed_format_strike.gif
2006.04.08 10:57 B D:\hatyai2car\admins\htmlarea\images\ed_format_sub.gif --> www.hatyai2car.com /usr/local/www/data/admins/htmlarea/images ed_format_sub.gif
2006.04.08 10:57 B D:\hatyai2car\admins\htmlarea\images\ed_format_sup.gif --> www.hatyai2car.com /usr/local/www/data/admins/htmlarea/images ed_format_sup.gif
2006.04.08 10:57 B D:\hatyai2car\admins\htmlarea\images\ed_format_underline.gif --> www.hatyai2car.com /usr/local/www/data/admins/htmlarea/images ed_format_underline.gif
2006.04.08 10:57 B D:\hatyai2car\admins\htmlarea\images\ed_help.gif --> www.hatyai2car.com /usr/local/www/data/admins/htmlarea/images ed_help.gif
2006.04.08 10:57 B D:\hatyai2car\admins\htmlarea\images\ed_hr.gif --> www.hatyai2car.com /usr/local/www/data/admins/htmlarea/images ed_hr.gif
2006.04.08 10:57 B D:\hatyai2car\admins\htmlarea\images\ed_html.gif --> www.hatyai2car.com /usr/local/www/data/admins/htmlarea/images ed_html.gif
2006.04.08 10:57 B D:\hatyai2car\admins\htmlarea\images\ed_image.gif --> www.hatyai2car.com /usr/local/www/data/admins/htmlarea/images ed_image.gif
2006.04.08 10:57 B D:\hatyai2car\admins\htmlarea\images\ed_indent_less.gif --> www.hatyai2car.com /usr/local/www/data/admins/htmlarea/images ed_indent_less.gif
2006.04.08 10:57 B D:\hatyai2car\admins\htmlarea\images\ed_indent_more.gif --> www.hatyai2car.com /usr/local/www/data/admins/htmlarea/images ed_indent_more.gif
2006.04.08 10:57 B D:\hatyai2car\admins\htmlarea\images\ed_link.gif --> www.hatyai2car.com /usr/local/www/data/admins/htmlarea/images ed_link.gif
2006.04.08 10:57 B D:\hatyai2car\admins\htmlarea\images\ed_list_bullet.gif --> www.hatyai2car.com /usr/local/www/data/admins/htmlarea/images ed_list_bullet.gif
2006.04.08 10:57 B D:\hatyai2car\admins\htmlarea\images\ed_list_num.gif --> www.hatyai2car.com /usr/local/www/data/admins/htmlarea/images ed_list_num.gif
2006.04.08 10:57 B D:\hatyai2car\admins\htmlarea\images\ed_redo.gif --> www.hatyai2car.com /usr/local/www/data/admins/htmlarea/images ed_redo.gif
2006.04.08 10:57 B D:\hatyai2car\admins\htmlarea\images\ed_undo.gif --> www.hatyai2car.com /usr/local/www/data/admins/htmlarea/images ed_undo.gif
2006.04.08 10:57 B D:\hatyai2car\admins\htmlarea\images\fullscreen_maximize.gif --> www.hatyai2car.com /usr/local/www/data/admins/htmlarea/images fullscreen_maximize.gif
2006.04.08 10:57 B D:\hatyai2car\admins\htmlarea\images\fullscreen_minimize.gif --> www.hatyai2car.com /usr/local/www/data/admins/htmlarea/images fullscreen_minimize.gif
2006.04.08 10:57 B D:\hatyai2car\admins\htmlarea\images\insert_table.gif --> www.hatyai2car.com /usr/local/www/data/admins/htmlarea/images insert_table.gif
2006.04.08 10:57 B D:\hatyai2car\admins\htmlarea\images\Thumbs.db --> www.hatyai2car.com /usr/local/www/data/admins/htmlarea/images Thumbs.db
