2006.04.03 12:31 B D:\hatyai2car\admins\htmlarea\popups\about.html <-- hatyai2car /usr/local/www/apache22/data/admins/htmlarea/popups about.html
2006.04.03 12:31 B D:\hatyai2car\admins\htmlarea\popups\blank.html <-- hatyai2car /usr/local/www/apache22/data/admins/htmlarea/popups blank.html
2006.04.03 12:31 B D:\hatyai2car\admins\htmlarea\popups\custom2.html <-- hatyai2car /usr/local/www/apache22/data/admins/htmlarea/popups custom2.html
2006.04.03 12:31 B D:\hatyai2car\admins\htmlarea\popups\editor_help.html <-- hatyai2car /usr/local/www/apache22/data/admins/htmlarea/popups editor_help.html
2006.04.03 12:31 B D:\hatyai2car\admins\htmlarea\popups\fullscreen.html <-- hatyai2car /usr/local/www/apache22/data/admins/htmlarea/popups fullscreen.html
2006.04.03 12:31 B D:\hatyai2car\admins\htmlarea\popups\insert_image.html <-- hatyai2car /usr/local/www/apache22/data/admins/htmlarea/popups insert_image.html
2006.04.03 12:31 B D:\hatyai2car\admins\htmlarea\popups\insert_table.html <-- hatyai2car /usr/local/www/apache22/data/admins/htmlarea/popups insert_table.html
2006.04.03 12:31 B D:\hatyai2car\admins\htmlarea\popups\select_color.html <-- hatyai2car /usr/local/www/apache22/data/admins/htmlarea/popups select_color.html
2006.04.06 03:59 B D:\hatyai2car\admins\htmlarea\popups\about.html --> www.hatyai2car.com /usr/local/www/data-dist/admins/htmlarea/popups about.html
2006.04.06 03:59 B D:\hatyai2car\admins\htmlarea\popups\blank.html --> www.hatyai2car.com /usr/local/www/data-dist/admins/htmlarea/popups blank.html
2006.04.06 03:59 B D:\hatyai2car\admins\htmlarea\popups\custom2.html --> www.hatyai2car.com /usr/local/www/data-dist/admins/htmlarea/popups custom2.html
2006.04.06 03:59 B D:\hatyai2car\admins\htmlarea\popups\editor_help.html --> www.hatyai2car.com /usr/local/www/data-dist/admins/htmlarea/popups editor_help.html
2006.04.06 03:59 B D:\hatyai2car\admins\htmlarea\popups\fullscreen.html --> www.hatyai2car.com /usr/local/www/data-dist/admins/htmlarea/popups fullscreen.html
2006.04.06 03:59 B D:\hatyai2car\admins\htmlarea\popups\insert_image.html --> www.hatyai2car.com /usr/local/www/data-dist/admins/htmlarea/popups insert_image.html
2006.04.06 03:59 B D:\hatyai2car\admins\htmlarea\popups\insert_table.html --> www.hatyai2car.com /usr/local/www/data-dist/admins/htmlarea/popups insert_table.html
2006.04.06 03:59 B D:\hatyai2car\admins\htmlarea\popups\select_color.html --> www.hatyai2car.com /usr/local/www/data-dist/admins/htmlarea/popups select_color.html
2006.04.06 03:59 B D:\hatyai2car\admins\htmlarea\popups\WS_FTP.LOG --> www.hatyai2car.com /usr/local/www/data-dist/admins/htmlarea/popups WS_FTP.LOG
2006.04.08 10:50 B D:\hatyai2car\admins\htmlarea\popups\about.html --> www.hatyai2car.com /usr/local/www/data/admins/htmlarea/popups about.html
2006.04.08 10:50 B D:\hatyai2car\admins\htmlarea\popups\blank.html --> www.hatyai2car.com /usr/local/www/data/admins/htmlarea/popups blank.html
2006.04.08 10:50 B D:\hatyai2car\admins\htmlarea\popups\custom2.html --> www.hatyai2car.com /usr/local/www/data/admins/htmlarea/popups custom2.html
2006.04.08 10:50 B D:\hatyai2car\admins\htmlarea\popups\editor_help.html --> www.hatyai2car.com /usr/local/www/data/admins/htmlarea/popups editor_help.html
2006.04.08 10:50 B D:\hatyai2car\admins\htmlarea\popups\fullscreen.html --> www.hatyai2car.com /usr/local/www/data/admins/htmlarea/popups fullscreen.html
2006.04.08 10:50 B D:\hatyai2car\admins\htmlarea\popups\insert_image.html --> www.hatyai2car.com /usr/local/www/data/admins/htmlarea/popups insert_image.html
2006.04.08 10:50 B D:\hatyai2car\admins\htmlarea\popups\insert_table.html --> www.hatyai2car.com /usr/local/www/data/admins/htmlarea/popups insert_table.html
2006.04.08 10:50 B D:\hatyai2car\admins\htmlarea\popups\select_color.html --> www.hatyai2car.com /usr/local/www/data/admins/htmlarea/popups select_color.html
2006.04.08 10:50 B D:\hatyai2car\admins\htmlarea\popups\WS_FTP.LOG --> www.hatyai2car.com /usr/local/www/data/admins/htmlarea/popups WS_FTP.LOG
2006.04.08 10:57 B D:\hatyai2car\admins\htmlarea\popups\about.html --> www.hatyai2car.com /usr/local/www/data/admins/htmlarea/popups about.html
2006.04.08 10:57 B D:\hatyai2car\admins\htmlarea\popups\blank.html --> www.hatyai2car.com /usr/local/www/data/admins/htmlarea/popups blank.html
2006.04.08 10:57 B D:\hatyai2car\admins\htmlarea\popups\custom2.html --> www.hatyai2car.com /usr/local/www/data/admins/htmlarea/popups custom2.html
2006.04.08 10:57 B D:\hatyai2car\admins\htmlarea\popups\editor_help.html --> www.hatyai2car.com /usr/local/www/data/admins/htmlarea/popups editor_help.html
2006.04.08 10:57 B D:\hatyai2car\admins\htmlarea\popups\fullscreen.html --> www.hatyai2car.com /usr/local/www/data/admins/htmlarea/popups fullscreen.html
2006.04.08 10:57 B D:\hatyai2car\admins\htmlarea\popups\insert_image.html --> www.hatyai2car.com /usr/local/www/data/admins/htmlarea/popups insert_image.html
2006.04.08 10:57 B D:\hatyai2car\admins\htmlarea\popups\insert_table.html --> www.hatyai2car.com /usr/local/www/data/admins/htmlarea/popups insert_table.html
2006.04.08 10:57 B D:\hatyai2car\admins\htmlarea\popups\select_color.html --> www.hatyai2car.com /usr/local/www/data/admins/htmlarea/popups select_color.html
